<?xml version="1.0" encoding="UTF-8"?>
<testng-results skipped="0" failed="0" ignored="0" total="1" passed="1">
  <reporter-output>
  </reporter-output>
  <suite name="Default suite" duration-ms="94463" started-at="2019-06-28T18:17:17Z" finished-at="2019-06-28T18:18:51Z">
    <groups>
    </groups>
    <test name="Default test" duration-ms="94463" started-at="2019-06-28T18:17:17Z" finished-at="2019-06-28T18:18:51Z">
      <class name="raisin.StudydriveUITest">
        <test-method status="PASS" signature="initialize()[pri:0, instance:raisin.StudydriveUITest@1139b2f3]" name="initialize" is-config="true" duration-ms="6893" started-at="2019-06-28T18:17:17Z" finished-at="2019-06-28T18:17:24Z">
          <reporter-output>
          </reporter-output>
        </test-method> <!-- initialize -->
        <test-method status="PASS" signature="VerifyFileUpload()[pri:0, instance:raisin.StudydriveUITest@1139b2f3]" name="VerifyFileUpload" duration-ms="85450" started-at="2019-06-28T18:17:24Z" finished-at="2019-06-28T18:18:49Z">
          <reporter-output>
          </reporter-output>
        </test-method> <!-- VerifyFileUpload -->
        <test-method status="PASS" signature="teardown()[pri:0, instance:raisin.StudydriveUITest@1139b2f3]" name="teardown" is-config="true" duration-ms="2103" started-at="2019-06-28T18:18:49Z" finished-at="2019-06-28T18:18:51Z">
          <reporter-output>
          </reporter-output>
        </test-method> <!-- teardown -->
      </class> <!-- raisin.StudydriveUITest -->
    </test> <!-- Default test -->
  </suite> <!-- Default suite -->
</testng-results>
